
**** Build of configuration Debug for project hello ****

"C:\\ti\\ccs930\\ccs\\utils\\bin\\gmake" -k -j 12 all -O 
 
Building file: "../src/delay.c"
Invoking: ARM Compiler
"C:/ti/ccs930/ccs/tools/compiler/ti-cgt-arm_18.12.4.LTS/bin/armcl" -mv7M4 --code_state=16 --float_support=FPv4SPD16 -me --include_path="C:/Users/jonmi/Desktop/Arm_Linux_Pro/hello" --include_path="/home/jonathan/ti/tivaware_c_series_2_1_4_178" --include_path="C:/Users/jonmi/Desktop/Arm_Linux_Pro/hello/include" --include_path="/home/jonathan/ti/ccs930/ccs/tools/compiler/ti-cgt-arm_18.12.4.LTS" --include_path="C:/ti/ccs930/ccs/tools/compiler/ti-cgt-arm_18.12.4.LTS/include" --define=ccs="ccs" --define=PART_TM4C123GH6PM -g --gcc --diag_warning=225 --diag_wrap=off --display_error_number --abi=eabi --preproc_with_compile --preproc_dependency="src/delay.d_raw" --obj_directory="src"  "../src/delay.c"
 
>> Compilation failure
src/subdir_rules.mk:16: recipe for target 'src/delay.obj' failed
"../src/delay.c", line 11: fatal error #1965: cannot open source file "driverlib/sysctl.h"
1 catastrophic error detected in the compilation of "../src/delay.c".
Compilation terminated.
gmake: *** [src/delay.obj] Error 1
Building file: "../src/DutyCycleBlinky.c"
Invoking: ARM Compiler
"C:/ti/ccs930/ccs/tools/compiler/ti-cgt-arm_18.12.4.LTS/bin/armcl" -mv7M4 --code_state=16 --float_support=FPv4SPD16 -me --include_path="C:/Users/jonmi/Desktop/Arm_Linux_Pro/hello" --include_path="/home/jonathan/ti/tivaware_c_series_2_1_4_178" --include_path="C:/Users/jonmi/Desktop/Arm_Linux_Pro/hello/include" --include_path="/home/jonathan/ti/ccs930/ccs/tools/compiler/ti-cgt-arm_18.12.4.LTS" --include_path="C:/ti/ccs930/ccs/tools/compiler/ti-cgt-arm_18.12.4.LTS/include" --define=ccs="ccs" --define=PART_TM4C123GH6PM -g --gcc --diag_warning=225 --diag_wrap=off --display_error_number --abi=eabi --preproc_with_compile --preproc_dependency="src/DutyCycleBlinky.d_raw" --obj_directory="src"  "../src/DutyCycleBlinky.c"
 
>> Compilation failure
src/subdir_rules.mk:9: recipe for target 'src/DutyCycleBlinky.obj' failed
"../src/DutyCycleBlinky.c", line 14: fatal error #1965: cannot open source file "inc/hw_memmap.h"
1 catastrophic error detected in the compilation of "../src/DutyCycleBlinky.c".
Compilation terminated.
gmake: *** [src/DutyCycleBlinky.obj] Error 1
Building file: "../tm4c123gh6pm_startup_ccs.c"
Invoking: ARM Compiler
"C:/ti/ccs930/ccs/tools/compiler/ti-cgt-arm_18.12.4.LTS/bin/armcl" -mv7M4 --code_state=16 --float_support=FPv4SPD16 -me --include_path="C:/Users/jonmi/Desktop/Arm_Linux_Pro/hello" --include_path="/home/jonathan/ti/tivaware_c_series_2_1_4_178" --include_path="C:/Users/jonmi/Desktop/Arm_Linux_Pro/hello/include" --include_path="/home/jonathan/ti/ccs930/ccs/tools/compiler/ti-cgt-arm_18.12.4.LTS" --include_path="C:/ti/ccs930/ccs/tools/compiler/ti-cgt-arm_18.12.4.LTS/include" --define=ccs="ccs" --define=PART_TM4C123GH6PM -g --gcc --diag_warning=225 --diag_wrap=off --display_error_number --abi=eabi --preproc_with_compile --preproc_dependency="tm4c123gh6pm_startup_ccs.d_raw"  "../tm4c123gh6pm_startup_ccs.c"
Finished building: "../tm4c123gh6pm_startup_ccs.c"
 
gmake: Target 'all' not remade because of errors.

**** Build Finished ****
